<?xml version="1.0" encoding="UTF-8"?>
<!-- Generated by org.testng.reporters.JUnitReportReporter -->
<testsuite skipped="0" hostname="Bala-Laptop" name="testng.NewTest" tests="2" failures="0" timestamp="18 Mar 2018 07:01:25 GMT" time="0.012" errors="0">
  <testcase name="TestCase1" time="0.005" classname="testng.NewTest"/>
  <testcase name="TestCase2" time="0.007" classname="testng.NewTest"/>
</testsuite> <!-- testng.NewTest -->
