<?xml version="1.0" encoding="UTF-8"?>
<!-- Generated by org.testng.reporters.JUnitReportReporter -->
<testsuite skipped="0" hostname="Bala-Laptop" name="testng.LoginTest" tests="4" failures="0" timestamp="18 Mar 2018 07:34:41 GMT" time="0.030" errors="0">
  <testcase name="validateLogin" time="0.003" classname="testng.LoginTest"/>
  <testcase name="validateForgetLink" time="0.019" classname="testng.LoginTest"/>
  <testcase name="validateLogin" time="0.003" classname="testng.LoginTest"/>
  <testcase name="validateForgetLink" time="0.005" classname="testng.LoginTest"/>
</testsuite> <!-- testng.LoginTest -->
