<?xml version="1.0" encoding="UTF-8"?>
<!-- Generated by org.testng.reporters.JUnitReportReporter -->
<testsuite skipped="0" hostname="Bala-Laptop" name="testng.NewTest1" tests="2" failures="0" timestamp="18 Mar 2018 07:01:24 GMT" time="0.004" errors="0">
  <testcase name="TestCase2" time="0.002" classname="testng.NewTest1"/>
  <testcase name="TestCase1" time="0.002" classname="testng.NewTest1"/>
</testsuite> <!-- testng.NewTest1 -->
